2018-03-16 10:47:38,426:INFO: Creating the datasets...
2018-03-16 10:47:38,534:INFO: - done.
2018-03-16 10:47:38,534:INFO: Creating the model...
2018-03-16 10:47:39,415:INFO: - done.
2018-03-16 10:47:39,415:INFO: Starting training for 10 epoch(s)
2018-03-16 10:47:40,098:INFO: Epoch 1/10
2018-03-16 10:50:41,980:INFO: Creating the datasets...
2018-03-16 10:51:05,456:INFO: Creating the datasets...
2018-03-16 11:16:15,443:INFO: Creating the datasets...
2018-03-16 11:16:15,549:INFO: - done.
2018-03-16 11:16:15,549:INFO: Creating the model...
2018-03-16 11:16:16,422:INFO: - done.
2018-03-16 11:16:16,422:INFO: Starting training for 10 epoch(s)
2018-03-16 11:16:17,071:INFO: Epoch 1/10
2018-03-16 11:17:20,872:INFO: Creating the datasets...
2018-03-16 11:19:53,053:INFO: Creating the datasets...
2018-03-16 11:20:08,263:INFO: Creating the datasets...
2018-03-16 11:20:08,355:INFO: - done.
2018-03-16 11:20:08,356:INFO: Creating the model...
2018-03-16 11:22:16,435:INFO: Creating the datasets...
2018-03-16 11:24:08,522:INFO: Creating the datasets...
2018-03-16 11:24:08,630:INFO: - done.
2018-03-16 11:24:08,630:INFO: Creating the model...
2018-03-16 11:24:09,620:INFO: - done.
2018-03-16 11:24:09,620:INFO: Starting training for 10 epoch(s)
2018-03-16 11:24:10,301:INFO: Epoch 1/10
2018-03-16 11:28:43,204:INFO: Creating the datasets...
2018-03-16 11:28:43,308:INFO: - done.
2018-03-16 11:28:43,308:INFO: Creating the model...
2018-03-16 11:28:44,157:INFO: - done.
2018-03-16 11:28:44,157:INFO: Starting training for 10 epoch(s)
2018-03-16 11:28:44,819:INFO: Epoch 1/10
2018-03-16 11:39:15,880:INFO: Creating the datasets...
2018-03-16 11:39:15,988:INFO: - done.
2018-03-16 11:39:15,988:INFO: Creating the model...
2018-03-16 11:39:16,855:INFO: - done.
2018-03-16 11:39:16,855:INFO: Starting training for 10 epoch(s)
2018-03-16 11:39:17,479:INFO: Epoch 1/10
